loading app controller.sdn_controller
Traceback (most recent call last):
  File "/usr/local/bin/ryu-manager", line 8, in <module>
    sys.exit(main())
  File "/usr/local/lib/python3.10/dist-packages/ryu/cmd/manager.py", line 98, in main
    app_mgr.load_apps(app_lists)
  File "/usr/local/lib/python3.10/dist-packages/ryu/base/app_manager.py", line 415, in load_apps
    cls = self.load_app(app_cls_name)
  File "/usr/local/lib/python3.10/dist-packages/ryu/base/app_manager.py", line 392, in load_app
    mod = utils.import_module(name)
  File "/usr/local/lib/python3.10/dist-packages/ryu/utils.py", line 108, in import_module
    return importlib.import_module(modname)
  File "/usr/lib/python3.10/importlib/__init__.py", line 126, in import_module
    return _bootstrap._gcd_import(name[level:], package, level)
  File "<frozen importlib._bootstrap>", line 1050, in _gcd_import
  File "<frozen importlib._bootstrap>", line 1027, in _find_and_load
  File "<frozen importlib._bootstrap>", line 992, in _find_and_load_unlocked
  File "<frozen importlib._bootstrap>", line 241, in _call_with_frames_removed
  File "<frozen importlib._bootstrap>", line 1050, in _gcd_import
  File "<frozen importlib._bootstrap>", line 1027, in _find_and_load
  File "<frozen importlib._bootstrap>", line 1004, in _find_and_load_unlocked
ModuleNotFoundError: No module named 'controller'
